0 info it worked if it ends with ok
1 verbose cli [ 'C:\\Program Files\\nodejs\\node.exe',
1 verbose cli   'C:\\Program Files\\nodejs\\node_modules\\npm\\bin\\npm-cli.js',
1 verbose cli   'start' ]
2 info using npm@3.10.10
3 info using node@v6.10.0
4 verbose run-script [ 'prestart', 'start', 'poststart' ]
5 info lifecycle dota485@1.0.0~prestart: dota485@1.0.0
6 silly lifecycle dota485@1.0.0~prestart: no script for prestart, continuing
7 info lifecycle dota485@1.0.0~start: dota485@1.0.0
8 verbose lifecycle dota485@1.0.0~start: unsafe-perm in lifecycle true
9 verbose lifecycle dota485@1.0.0~start: PATH: C:\Program Files\nodejs\node_modules\npm\bin\node-gyp-bin;C:\Users\BoatZako\Desktop\dota485\node_modules\.bin;C:\ProgramData\Oracle\Java\javapath;C:\Program Files\Broadcom\Broadcom 802.11 Network Adapter;C:\Program Files (x86)\Intel\iCLS Client\;C:\Program Files\Intel\iCLS Client\;C:\WINDOWS\system32;C:\WINDOWS;C:\WINDOWS\System32\Wbem;C:\WINDOWS\System32\WindowsPowerShell\v1.0\;C:\Program Files\Intel\Intel(R) Management Engine Components\DAL;C:\Program Files\Intel\Intel(R) Management Engine Components\IPT;C:\Program Files (x86)\Intel\Intel(R) Management Engine Components\DAL;C:\Program Files (x86)\Intel\Intel(R) Management Engine Components\IPT;C:\Program Files (x86)\Intel\OpenCL SDK\3.0\bin\x86;C:\Program Files (x86)\Intel\OpenCL SDK\3.0\bin\x64;C:\Program Files (x86)\NVIDIA Corporation\PhysX\Common;C:\Program Files (x86)\Windows Kits\10\Windows Performance Toolkit\;C:\WINDOWS\system32;C:\WINDOWS;C:\WINDOWS\System32\Wbem;C:\WINDOWS\System32\WindowsPowerShell\v1.0\;C:\WINDOWS\system32\config\systemprofile\.dnx\bin;C:\Program Files\Microsoft DNX\Dnvm\;C:\Program Files\Microsoft SQL Server\130\Tools\Binn\;C:\Program Files\nodejs\;C:\Program Files\Git\cmd;C:\Uncrustify;C:\Program Files\CMake\bin;C:\Users\BoatZako\AppData\Local\Programs\Python\Python36\Scripts\;C:\Users\BoatZako\AppData\Local\Programs\Python\Python36\;C:\Ruby200-x64\bin;C:\Program Files (x86)\GnuWin32\bin;C:\MinGW\bin;C:\Program Files (x86)\Dev-Cpp\MinGW64\;C:\Users\BoatZako\AppData\Local\Microsoft\WindowsApps;C:\xampp\xampp\php;C:\Program Files (x86)\Java\jdk1.7.0_55\bin;C:\Users\BoatZako\AppData\Local\atom\bin;C:\Users\BoatZako\AppData\Roaming\npm;C:\Users\BoatZako\AppData\Local\Microsoft\WindowsApps;C:\Program Files\MongoDB\Server\3.4\bin;
10 verbose lifecycle dota485@1.0.0~start: CWD: C:\Users\BoatZako\Desktop\dota485
11 silly lifecycle dota485@1.0.0~start: Args: [ '/d /s /c', 'node ./bin/www' ]
12 silly lifecycle dota485@1.0.0~start: Returned: code: 1  signal: null
13 info lifecycle dota485@1.0.0~start: Failed to exec start script
14 verbose stack Error: dota485@1.0.0 start: `node ./bin/www`
14 verbose stack Exit status 1
14 verbose stack     at EventEmitter.<anonymous> (C:\Program Files\nodejs\node_modules\npm\lib\utils\lifecycle.js:255:16)
14 verbose stack     at emitTwo (events.js:106:13)
14 verbose stack     at EventEmitter.emit (events.js:191:7)
14 verbose stack     at ChildProcess.<anonymous> (C:\Program Files\nodejs\node_modules\npm\lib\utils\spawn.js:40:14)
14 verbose stack     at emitTwo (events.js:106:13)
14 verbose stack     at ChildProcess.emit (events.js:191:7)
14 verbose stack     at maybeClose (internal/child_process.js:877:16)
14 verbose stack     at Process.ChildProcess._handle.onexit (internal/child_process.js:226:5)
15 verbose pkgid dota485@1.0.0
16 verbose cwd C:\Users\BoatZako\Desktop\dota485
17 error Windows_NT 10.0.15063
18 error argv "C:\\Program Files\\nodejs\\node.exe" "C:\\Program Files\\nodejs\\node_modules\\npm\\bin\\npm-cli.js" "start"
19 error node v6.10.0
20 error npm  v3.10.10
21 error code ELIFECYCLE
22 error dota485@1.0.0 start: `node ./bin/www`
22 error Exit status 1
23 error Failed at the dota485@1.0.0 start script 'node ./bin/www'.
23 error Make sure you have the latest version of node.js and npm installed.
23 error If you do, this is most likely a problem with the dota485 package,
23 error not with npm itself.
23 error Tell the author that this fails on your system:
23 error     node ./bin/www
23 error You can get information on how to open an issue for this project with:
23 error     npm bugs dota485
23 error Or if that isn't available, you can get their info via:
23 error     npm owner ls dota485
23 error There is likely additional logging output above.
24 verbose exit [ 1, true ]
